<?xml version="1.0" encoding="UTF-8"?>
<!-- Generated by org.testng.reporters.JUnitReportReporter -->
<testsuite skipped="0" hostname="vikas_195" name="com.ActiTime.TestScripts.CreateNewUserTest" tests="1" failures="0" timestamp="07 Jul 2019 23:13:02 GMT" time="4.317" errors="0">
  <testcase name="createNewCustomer" time="4.317" classname="com.ActiTime.TestScripts.CreateNewUserTest"/>
</testsuite> <!-- com.ActiTime.TestScripts.CreateNewUserTest -->
