<?xml version="1.0" encoding="UTF-8"?>
<!-- Generated by org.testng.reporters.JUnitReportReporter -->
<testsuite skipped="0" hostname="vikas_195" name="com.ActiTime.TestScripts.ValidateCreateNewTaskTest" tests="1" failures="0" timestamp="07 Jul 2019 23:13:02 GMT" time="3.347" errors="0">
  <testcase name="validateNewTask" time="3.347" classname="com.ActiTime.TestScripts.ValidateCreateNewTaskTest"/>
</testsuite> <!-- com.ActiTime.TestScripts.ValidateCreateNewTaskTest -->
