<?xml version="1.0" encoding="UTF-8"?>
<!-- Generated by org.testng.reporters.JUnitReportReporter -->
<testsuite skipped="0" hostname="vikas_195" name="com.ActiTime.TestScripts.ValidateCreateNewTaskTest" tests="1" failures="0" timestamp="04 Jul 2019 17:45:14 GMT" time="5.799" errors="0">
  <testcase name="validateNewTask" time="5.799" classname="com.ActiTime.TestScripts.ValidateCreateNewTaskTest"/>
</testsuite> <!-- com.ActiTime.TestScripts.ValidateCreateNewTaskTest -->
